<?xml version="1.0" encoding="UTF-8"?>
<!-- Generated by org.testng.reporters.JUnitXMLReporter -->
<testsuite ignored="0" hostname="Lenovo-PC" failures="0" tests="9" name="Test" time="182.974" errors="0" timestamp="2023-04-12T22:03:31 IST">
  <testcase classname="com.spicejet.project.testcases.ValidationBookingFieldsTest" name="verifycheckinfield" time="0.598"/>
  <testcase classname="com.spicejet.project.testcases.ValidationBookingFieldsTest" name="verifyfightstatusfield" time="0.653"/>
  <testcase classname="com.spicejet.project.testcases.ValidationBookingFieldsTest" name="verifymanagebookingfield" time="0.34"/>
  <testcase classname="com.spicejet.project.testcases.SearchforflightsOneWayTripTest" name="verifyOneWaySearchFlight" time="2.636"/>
  <testcase classname="com.spicejet.project.testcases.LoginTest" name="LoginwithValidCredentials" time="1.526"/>
  <testcase classname="com.spicejet.project.testcases.LoginTest" name="LoginwithInValidCredentials" time="1.54"/>
  <testcase classname="com.spicejet.project.testcases.SearchforflightsRoundTripTest" name="verifySearchforflightsRoundTrip" time="4.87"/>
  <testcase classname="com.spicejet.project.testcases.SignUpTest" name="verifySignup" time="21.892"/>
  <testcase classname="com.spicejet.project.testcases.SelectFlightBookingPaymentTest" name="verifySelectFlightBookingPayment" time="29.811"/>
</testsuite> <!-- Test -->
