<?xml version="1.0" encoding="UTF-8"?>
<testng-results ignored="0" total="9" passed="9" failed="0" skipped="0">
  <reporter-output>
  </reporter-output>
  <suite started-at="2023-04-12T22:00:28 IST" name="Suite" finished-at="2023-04-12T22:03:31 IST" duration-ms="182974">
    <groups>
    </groups>
    <test started-at="2023-04-12T22:00:28 IST" name="Test" finished-at="2023-04-12T22:03:31 IST" duration-ms="182974">
      <class name="com.spicejet.project.testcases.SignUpTest">
        <test-method is-config="true" signature="beforeMethod()[pri:0, instance:com.spicejet.project.testcases.SignUpTest@dd8ba08]" started-at="2023-04-12T22:02:16 IST" name="beforeMethod" finished-at="2023-04-12T22:02:26 IST" duration-ms="10397" status="PASS">
          <reporter-output>
          </reporter-output>
        </test-method> <!-- beforeMethod -->
        <test-method signature="verifySignup()[pri:0, instance:com.spicejet.project.testcases.SignUpTest@dd8ba08]" started-at="2023-04-12T22:02:26 IST" name="verifySignup" finished-at="2023-04-12T22:02:48 IST" duration-ms="21892" status="PASS">
          <reporter-output>
          </reporter-output>
        </test-method> <!-- verifySignup -->
        <test-method is-config="true" signature="afterMethod()[pri:0, instance:com.spicejet.project.testcases.SignUpTest@dd8ba08]" started-at="2023-04-12T22:02:48 IST" name="afterMethod" finished-at="2023-04-12T22:02:49 IST" duration-ms="653" status="PASS">
          <reporter-output>
          </reporter-output>
        </test-method> <!-- afterMethod -->
      </class> <!-- com.spicejet.project.testcases.SignUpTest -->
      <class name="com.spicejet.project.testcases.ValidationBookingFieldsTest">
        <test-method is-config="true" signature="beforeMethod()[pri:0, instance:com.spicejet.project.testcases.ValidationBookingFieldsTest@52e6fdee]" started-at="2023-04-12T22:00:28 IST" name="beforeMethod" finished-at="2023-04-12T22:00:41 IST" duration-ms="13482" status="PASS">
          <reporter-output>
          </reporter-output>
        </test-method> <!-- beforeMethod -->
        <test-method signature="verifycheckinfield()[pri:0, instance:com.spicejet.project.testcases.ValidationBookingFieldsTest@52e6fdee]" started-at="2023-04-12T22:00:41 IST" name="verifycheckinfield" finished-at="2023-04-12T22:00:42 IST" duration-ms="598" status="PASS">
          <reporter-output>
          </reporter-output>
        </test-method> <!-- verifycheckinfield -->
        <test-method is-config="true" signature="afterMethod()[pri:0, instance:com.spicejet.project.testcases.ValidationBookingFieldsTest@52e6fdee]" started-at="2023-04-12T22:00:42 IST" name="afterMethod" finished-at="2023-04-12T22:00:43 IST" duration-ms="657" status="PASS">
          <reporter-output>
          </reporter-output>
        </test-method> <!-- afterMethod -->
        <test-method is-config="true" signature="beforeMethod()[pri:0, instance:com.spicejet.project.testcases.ValidationBookingFieldsTest@52e6fdee]" started-at="2023-04-12T22:00:43 IST" name="beforeMethod" finished-at="2023-04-12T22:00:54 IST" duration-ms="11583" status="PASS">
          <reporter-output>
          </reporter-output>
        </test-method> <!-- beforeMethod -->
        <test-method signature="verifyfightstatusfield()[pri:0, instance:com.spicejet.project.testcases.ValidationBookingFieldsTest@52e6fdee]" started-at="2023-04-12T22:00:54 IST" name="verifyfightstatusfield" finished-at="2023-04-12T22:00:55 IST" duration-ms="653" status="PASS">
          <reporter-output>
          </reporter-output>
        </test-method> <!-- verifyfightstatusfield -->
        <test-method is-config="true" signature="afterMethod()[pri:0, instance:com.spicejet.project.testcases.ValidationBookingFieldsTest@52e6fdee]" started-at="2023-04-12T22:00:55 IST" name="afterMethod" finished-at="2023-04-12T22:00:56 IST" duration-ms="614" status="PASS">
          <reporter-output>
          </reporter-output>
        </test-method> <!-- afterMethod -->
        <test-method is-config="true" signature="beforeMethod()[pri:0, instance:com.spicejet.project.testcases.ValidationBookingFieldsTest@52e6fdee]" started-at="2023-04-12T22:00:56 IST" name="beforeMethod" finished-at="2023-04-12T22:01:07 IST" duration-ms="11816" status="PASS">
          <reporter-output>
          </reporter-output>
        </test-method> <!-- beforeMethod -->
        <test-method signature="verifymanagebookingfield()[pri:0, instance:com.spicejet.project.testcases.ValidationBookingFieldsTest@52e6fdee]" started-at="2023-04-12T22:01:07 IST" name="verifymanagebookingfield" finished-at="2023-04-12T22:01:08 IST" duration-ms="340" status="PASS">
          <reporter-output>
          </reporter-output>
        </test-method> <!-- verifymanagebookingfield -->
        <test-method is-config="true" signature="afterMethod()[pri:0, instance:com.spicejet.project.testcases.ValidationBookingFieldsTest@52e6fdee]" started-at="2023-04-12T22:01:08 IST" name="afterMethod" finished-at="2023-04-12T22:01:08 IST" duration-ms="682" status="PASS">
          <reporter-output>
          </reporter-output>
        </test-method> <!-- afterMethod -->
      </class> <!-- com.spicejet.project.testcases.ValidationBookingFieldsTest -->
      <class name="com.spicejet.project.testcases.SearchforflightsOneWayTripTest">
        <test-method is-config="true" signature="beforeMethod()[pri:0, instance:com.spicejet.project.testcases.SearchforflightsOneWayTripTest@52bf72b5]" started-at="2023-04-12T22:01:08 IST" name="beforeMethod" finished-at="2023-04-12T22:01:20 IST" duration-ms="11385" status="PASS">
          <reporter-output>
          </reporter-output>
        </test-method> <!-- beforeMethod -->
        <test-method signature="verifyOneWaySearchFlight()[pri:0, instance:com.spicejet.project.testcases.SearchforflightsOneWayTripTest@52bf72b5]" started-at="2023-04-12T22:01:20 IST" name="verifyOneWaySearchFlight" finished-at="2023-04-12T22:01:22 IST" duration-ms="2636" status="PASS">
          <reporter-output>
          </reporter-output>
        </test-method> <!-- verifyOneWaySearchFlight -->
        <test-method is-config="true" signature="afterMethod()[pri:0, instance:com.spicejet.project.testcases.SearchforflightsOneWayTripTest@52bf72b5]" started-at="2023-04-12T22:01:22 IST" name="afterMethod" finished-at="2023-04-12T22:01:23 IST" duration-ms="650" status="PASS">
          <reporter-output>
          </reporter-output>
        </test-method> <!-- afterMethod -->
      </class> <!-- com.spicejet.project.testcases.SearchforflightsOneWayTripTest -->
      <class name="com.spicejet.project.testcases.SelectFlightBookingPaymentTest">
        <test-method is-config="true" signature="beforeMethod()[pri:0, instance:com.spicejet.project.testcases.SelectFlightBookingPaymentTest@245b4bdc]" started-at="2023-04-12T22:02:49 IST" name="beforeMethod" finished-at="2023-04-12T22:03:00 IST" duration-ms="11394" status="PASS">
          <reporter-output>
          </reporter-output>
        </test-method> <!-- beforeMethod -->
        <test-method signature="verifySelectFlightBookingPayment()[pri:0, instance:com.spicejet.project.testcases.SelectFlightBookingPaymentTest@245b4bdc]" started-at="2023-04-12T22:03:00 IST" name="verifySelectFlightBookingPayment" finished-at="2023-04-12T22:03:30 IST" duration-ms="29811" status="PASS">
          <reporter-output>
          </reporter-output>
        </test-method> <!-- verifySelectFlightBookingPayment -->
        <test-method is-config="true" signature="afterMethod()[pri:0, instance:com.spicejet.project.testcases.SelectFlightBookingPaymentTest@245b4bdc]" started-at="2023-04-12T22:03:30 IST" name="afterMethod" finished-at="2023-04-12T22:03:31 IST" duration-ms="665" status="PASS">
          <reporter-output>
          </reporter-output>
        </test-method> <!-- afterMethod -->
      </class> <!-- com.spicejet.project.testcases.SelectFlightBookingPaymentTest -->
      <class name="com.spicejet.project.testcases.LoginTest">
        <test-method is-config="true" signature="beforeMethod()[pri:0, instance:com.spicejet.project.testcases.LoginTest@37afeb11]" started-at="2023-04-12T22:01:23 IST" name="beforeMethod" finished-at="2023-04-12T22:01:39 IST" duration-ms="16182" status="PASS">
          <reporter-output>
          </reporter-output>
        </test-method> <!-- beforeMethod -->
        <test-method signature="LoginwithValidCredentials()[pri:1, instance:com.spicejet.project.testcases.LoginTest@37afeb11]" started-at="2023-04-12T22:01:39 IST" name="LoginwithValidCredentials" finished-at="2023-04-12T22:01:41 IST" duration-ms="1526" status="PASS">
          <reporter-output>
          </reporter-output>
        </test-method> <!-- LoginwithValidCredentials -->
        <test-method is-config="true" signature="afterMethod()[pri:0, instance:com.spicejet.project.testcases.LoginTest@37afeb11]" started-at="2023-04-12T22:01:41 IST" name="afterMethod" finished-at="2023-04-12T22:01:41 IST" duration-ms="636" status="PASS">
          <reporter-output>
          </reporter-output>
        </test-method> <!-- afterMethod -->
        <test-method is-config="true" signature="beforeMethod()[pri:0, instance:com.spicejet.project.testcases.LoginTest@37afeb11]" started-at="2023-04-12T22:01:41 IST" name="beforeMethod" finished-at="2023-04-12T22:01:55 IST" duration-ms="13494" status="PASS">
          <reporter-output>
          </reporter-output>
        </test-method> <!-- beforeMethod -->
        <test-method signature="LoginwithInValidCredentials()[pri:2, instance:com.spicejet.project.testcases.LoginTest@37afeb11]" started-at="2023-04-12T22:01:55 IST" name="LoginwithInValidCredentials" finished-at="2023-04-12T22:01:56 IST" duration-ms="1540" status="PASS">
          <reporter-output>
          </reporter-output>
        </test-method> <!-- LoginwithInValidCredentials -->
        <test-method is-config="true" signature="afterMethod()[pri:0, instance:com.spicejet.project.testcases.LoginTest@37afeb11]" started-at="2023-04-12T22:01:56 IST" name="afterMethod" finished-at="2023-04-12T22:01:57 IST" duration-ms="642" status="PASS">
          <reporter-output>
          </reporter-output>
        </test-method> <!-- afterMethod -->
      </class> <!-- com.spicejet.project.testcases.LoginTest -->
      <class name="com.spicejet.project.testcases.SearchforflightsRoundTripTest">
        <test-method is-config="true" signature="beforeMethod()[pri:0, instance:com.spicejet.project.testcases.SearchforflightsRoundTripTest@515aebb0]" started-at="2023-04-12T22:01:57 IST" name="beforeMethod" finished-at="2023-04-12T22:02:11 IST" duration-ms="13485" status="PASS">
          <reporter-output>
          </reporter-output>
        </test-method> <!-- beforeMethod -->
        <test-method signature="verifySearchforflightsRoundTrip()[pri:0, instance:com.spicejet.project.testcases.SearchforflightsRoundTripTest@515aebb0]" started-at="2023-04-12T22:02:11 IST" name="verifySearchforflightsRoundTrip" finished-at="2023-04-12T22:02:15 IST" duration-ms="4870" status="PASS">
          <reporter-output>
          </reporter-output>
        </test-method> <!-- verifySearchforflightsRoundTrip -->
        <test-method is-config="true" signature="afterMethod()[pri:0, instance:com.spicejet.project.testcases.SearchforflightsRoundTripTest@515aebb0]" started-at="2023-04-12T22:02:15 IST" name="afterMethod" finished-at="2023-04-12T22:02:16 IST" duration-ms="599" status="PASS">
          <reporter-output>
          </reporter-output>
        </test-method> <!-- afterMethod -->
      </class> <!-- com.spicejet.project.testcases.SearchforflightsRoundTripTest -->
    </test> <!-- Test -->
  </suite> <!-- Suite -->
</testng-results>
